<?xml version="1.0" encoding="UTF-8"?>
<!-- Generated by org.testng.reporters.JUnitReportReporter -->
<testsuite hostname="DESKTOP-0RQF8FK" failures="0" tests="1" name="orangehrm.testcases.AdminLoginTestwithValidData" time="13.825" errors="0" timestamp="2023-04-03T11:06:01 IST" skipped="0">
  <testcase classname="orangehrm.testcases.AdminLoginTestwithValidData" name="checkAdminLogin" time="13.825"/>
  <system-out/>
</testsuite> <!-- orangehrm.testcases.AdminLoginTestwithValidData -->
